<?xml version="1.0" encoding="UTF-8"?>
<testsuite name="com.bridgelabz.HotelReservationSystemTest" tests="1" skipped="0" failures="0" errors="0" timestamp="2021-11-18T03:50:03" hostname="KIRAN" time="0.036">
  <properties/>
  <testcase name="givenHotelNameShouldReturnTrue()" classname="com.bridgelabz.HotelReservationSystemTest" time="0.036"/>
  <system-out><![CDATA[]]></system-out>
  <system-err><![CDATA[]]></system-err>
</testsuite>
